\BOOKMARK [0][-]{chapter*.2}{Abk\374rzungsverzeichnis}{}% 1
\BOOKMARK [0][-]{chapter*.3}{Abbildungsverzeichnis}{}% 2
\BOOKMARK [0][-]{chapter*.4}{Tabellenverzeichnis}{}% 3
\BOOKMARK [0][-]{chapter.1}{Introduction}{}% 4
\BOOKMARK [0][-]{chapter.2}{Challenges wrt. Hybridization}{}% 5
\BOOKMARK [0][-]{chapter.3}{Related Work}{}% 6
\BOOKMARK [0][-]{chapter.4}{Technical Background/Technology Assessment}{}% 7
\BOOKMARK [1][-]{section.4.1}{Positioning Methods}{chapter.4}% 8
\BOOKMARK [1][-]{section.4.2}{Outdoor Positioning}{chapter.4}% 9
\BOOKMARK [1][-]{section.4.3}{Indoor Positioning}{chapter.4}% 10
\BOOKMARK [1][-]{section.4.4}{Datamodels for Indoor Localization}{chapter.4}% 11
\BOOKMARK [1][-]{section.4.5}{Indoor-/Outdoor Transition Solutions}{chapter.4}% 12
\BOOKMARK [1][-]{section.4.6}{Assessment and Conclusion}{chapter.4}% 13
\BOOKMARK [0][-]{chapter.5}{System Design und Implementation}{}% 14
\BOOKMARK [1][-]{section.5.1}{Objective and Requirements}{chapter.5}% 15
\BOOKMARK [1][-]{section.5.2}{System Design Decisions}{chapter.5}% 16
\BOOKMARK [1][-]{section.5.3}{Implementation}{chapter.5}% 17
\BOOKMARK [0][-]{chapter.6}{Evaluation}{}% 18
\BOOKMARK [1][-]{subsection.6.0.1}{Positioning and Navigation Results}{chapter.6}% 19
\BOOKMARK [2][-]{subsection.6.0.2}{Maybe: Users Experience}{subsection.6.0.1}% 20
\BOOKMARK [0][-]{chapter.7}{Conclusion and Future Work}{}% 21
\BOOKMARK [0][-]{chapter*.63}{Anhang}{}% 22
\BOOKMARK [0][-]{chapter*.64}{Literaturverzeichnis}{}% 23
